Compiled jquery.js  (2ms)  (pid 836)
Compiled jquery_ujs.js  (0ms)  (pid 836)
Compiled twitter/bootstrap/bootstrap-transition.js  (0ms)  (pid 836)
Compiled twitter/bootstrap/bootstrap-alert.js  (0ms)  (pid 836)
Compiled twitter/bootstrap/bootstrap-modal.js  (0ms)  (pid 836)
Compiled twitter/bootstrap/bootstrap-dropdown.js  (0ms)  (pid 836)
Compiled twitter/bootstrap/bootstrap-scrollspy.js  (2ms)  (pid 836)
Compiled twitter/bootstrap/bootstrap-tab.js  (1ms)  (pid 836)
Compiled twitter/bootstrap/bootstrap-tooltip.js  (0ms)  (pid 836)
Compiled twitter/bootstrap/bootstrap-popover.js  (0ms)  (pid 836)
Compiled twitter/bootstrap/bootstrap-button.js  (0ms)  (pid 836)
Compiled twitter/bootstrap/bootstrap-collapse.js  (0ms)  (pid 836)
Compiled twitter/bootstrap/bootstrap-carousel.js  (0ms)  (pid 836)
Compiled twitter/bootstrap/bootstrap-typeahead.js  (0ms)  (pid 836)
Compiled twitter/bootstrap.js  (492ms)  (pid 836)
Compiled bootstrap.js  (332ms)  (pid 836)
Compiled posts.js  (10ms)  (pid 836)
Compiled topics.js  (0ms)  (pid 836)
Compiled application.js  (1352ms)  (pid 836)
Compiled bootstrap_and_overrides.css  (1546ms)  (pid 836)
Compiled posts.css  (42ms)  (pid 836)
Compiled application.css  (1671ms)  (pid 836)
Compiled jquery.js  (2ms)  (pid 886)
Compiled jquery_ujs.js  (0ms)  (pid 886)
Compiled twitter/bootstrap/bootstrap-transition.js  (0ms)  (pid 886)
Compiled twitter/bootstrap/bootstrap-alert.js  (0ms)  (pid 886)
Compiled twitter/bootstrap/bootstrap-modal.js  (18ms)  (pid 886)
Compiled twitter/bootstrap/bootstrap-dropdown.js  (0ms)  (pid 886)
Compiled twitter/bootstrap/bootstrap-scrollspy.js  (0ms)  (pid 886)
Compiled twitter/bootstrap/bootstrap-tab.js  (0ms)  (pid 886)
Compiled twitter/bootstrap/bootstrap-tooltip.js  (0ms)  (pid 886)
Compiled twitter/bootstrap/bootstrap-popover.js  (0ms)  (pid 886)
Compiled twitter/bootstrap/bootstrap-button.js  (0ms)  (pid 886)
Compiled twitter/bootstrap/bootstrap-collapse.js  (24ms)  (pid 886)
Compiled twitter/bootstrap/bootstrap-carousel.js  (0ms)  (pid 886)
Compiled twitter/bootstrap/bootstrap-typeahead.js  (6ms)  (pid 886)
Compiled twitter/bootstrap.js  (658ms)  (pid 886)
Compiled bootstrap.js  (185ms)  (pid 886)
Compiled posts.js  (11ms)  (pid 886)
Compiled topics.js  (0ms)  (pid 886)
Compiled application.js  (1553ms)  (pid 886)
Compiled bootstrap_and_overrides.css  (1722ms)  (pid 886)
Compiled posts.css  (25ms)  (pid 886)
Compiled application.css  (1929ms)  (pid 886)
Compiled jquery.js  (2ms)  (pid 937)
Compiled jquery_ujs.js  (0ms)  (pid 937)
Compiled twitter/bootstrap/bootstrap-transition.js  (0ms)  (pid 937)
Compiled twitter/bootstrap/bootstrap-alert.js  (0ms)  (pid 937)
Compiled twitter/bootstrap/bootstrap-modal.js  (0ms)  (pid 937)
Compiled twitter/bootstrap/bootstrap-dropdown.js  (1ms)  (pid 937)
Compiled twitter/bootstrap/bootstrap-scrollspy.js  (0ms)  (pid 937)
Compiled twitter/bootstrap/bootstrap-tab.js  (0ms)  (pid 937)
Compiled twitter/bootstrap/bootstrap-tooltip.js  (0ms)  (pid 937)
Compiled twitter/bootstrap/bootstrap-popover.js  (0ms)  (pid 937)
Compiled twitter/bootstrap/bootstrap-button.js  (4ms)  (pid 937)
Compiled twitter/bootstrap/bootstrap-collapse.js  (0ms)  (pid 937)
Compiled twitter/bootstrap/bootstrap-carousel.js  (0ms)  (pid 937)
Compiled twitter/bootstrap/bootstrap-typeahead.js  (4ms)  (pid 937)
Compiled twitter/bootstrap.js  (557ms)  (pid 937)
Compiled bootstrap.js  (238ms)  (pid 937)
Compiled posts.js  (3ms)  (pid 937)
Compiled topics.js  (1ms)  (pid 937)
Compiled application.js  (1206ms)  (pid 937)
Compiled bootstrap_and_overrides.css  (1895ms)  (pid 937)
Compiled posts.css  (35ms)  (pid 937)
Compiled application.css  (2154ms)  (pid 937)
Compiled jquery.js  (15ms)  (pid 998)
Compiled jquery_ujs.js  (0ms)  (pid 998)
Compiled twitter/bootstrap/bootstrap-transition.js  (0ms)  (pid 998)
Compiled twitter/bootstrap/bootstrap-alert.js  (0ms)  (pid 998)
Compiled twitter/bootstrap/bootstrap-modal.js  (0ms)  (pid 998)
Compiled twitter/bootstrap/bootstrap-dropdown.js  (0ms)  (pid 998)
Compiled twitter/bootstrap/bootstrap-scrollspy.js  (0ms)  (pid 998)
Compiled twitter/bootstrap/bootstrap-tab.js  (0ms)  (pid 998)
Compiled twitter/bootstrap/bootstrap-tooltip.js  (2ms)  (pid 998)
Compiled twitter/bootstrap/bootstrap-popover.js  (0ms)  (pid 998)
Compiled twitter/bootstrap/bootstrap-button.js  (0ms)  (pid 998)
Compiled twitter/bootstrap/bootstrap-collapse.js  (0ms)  (pid 998)
Compiled twitter/bootstrap/bootstrap-carousel.js  (1ms)  (pid 998)
Compiled twitter/bootstrap/bootstrap-typeahead.js  (1ms)  (pid 998)
Compiled twitter/bootstrap.js  (660ms)  (pid 998)
Compiled bootstrap.js  (274ms)  (pid 998)
Compiled posts.js  (3ms)  (pid 998)
Compiled topics.js  (1ms)  (pid 998)
Compiled application.js  (1438ms)  (pid 998)
Compiled bootstrap_and_overrides.css  (1751ms)  (pid 998)
Compiled application.css  (1945ms)  (pid 998)
Compiled jquery.js  (18ms)  (pid 1100)
Compiled jquery_ujs.js  (2ms)  (pid 1100)
Compiled twitter/bootstrap/bootstrap-transition.js  (3ms)  (pid 1100)
Compiled twitter/bootstrap/bootstrap-alert.js  (1ms)  (pid 1100)
Compiled twitter/bootstrap/bootstrap-modal.js  (0ms)  (pid 1100)
Compiled twitter/bootstrap/bootstrap-dropdown.js  (3ms)  (pid 1100)
Compiled twitter/bootstrap/bootstrap-scrollspy.js  (0ms)  (pid 1100)
Compiled twitter/bootstrap/bootstrap-tab.js  (0ms)  (pid 1100)
Compiled twitter/bootstrap/bootstrap-tooltip.js  (0ms)  (pid 1100)
Compiled twitter/bootstrap/bootstrap-popover.js  (0ms)  (pid 1100)
Compiled twitter/bootstrap/bootstrap-button.js  (0ms)  (pid 1100)
Compiled twitter/bootstrap/bootstrap-collapse.js  (8ms)  (pid 1100)
Compiled twitter/bootstrap/bootstrap-carousel.js  (0ms)  (pid 1100)
Compiled twitter/bootstrap/bootstrap-typeahead.js  (9ms)  (pid 1100)
Compiled twitter/bootstrap.js  (612ms)  (pid 1100)
Compiled bootstrap.js  (217ms)  (pid 1100)
Compiled posts.js  (2ms)  (pid 1100)
Compiled topics.js  (0ms)  (pid 1100)
Compiled application.js  (1264ms)  (pid 1100)
Compiled bootstrap_and_overrides.css  (1580ms)  (pid 1100)
Compiled application.css  (1676ms)  (pid 1100)
Compiled jquery.js  (5ms)  (pid 1143)
Compiled jquery_ujs.js  (84ms)  (pid 1143)
Compiled twitter/bootstrap/bootstrap-transition.js  (0ms)  (pid 1143)
Compiled twitter/bootstrap/bootstrap-alert.js  (32ms)  (pid 1143)
Compiled twitter/bootstrap/bootstrap-modal.js  (0ms)  (pid 1143)
Compiled twitter/bootstrap/bootstrap-dropdown.js  (0ms)  (pid 1143)
Compiled twitter/bootstrap/bootstrap-scrollspy.js  (0ms)  (pid 1143)
Compiled twitter/bootstrap/bootstrap-tab.js  (0ms)  (pid 1143)
Compiled twitter/bootstrap/bootstrap-tooltip.js  (0ms)  (pid 1143)
Compiled twitter/bootstrap/bootstrap-popover.js  (8ms)  (pid 1143)
Compiled twitter/bootstrap/bootstrap-button.js  (14ms)  (pid 1143)
Compiled twitter/bootstrap/bootstrap-collapse.js  (0ms)  (pid 1143)
Compiled twitter/bootstrap/bootstrap-carousel.js  (0ms)  (pid 1143)
Compiled twitter/bootstrap/bootstrap-typeahead.js  (1ms)  (pid 1143)
Compiled twitter/bootstrap.js  (652ms)  (pid 1143)
Compiled bootstrap.js  (207ms)  (pid 1143)
Compiled posts.js  (2ms)  (pid 1143)
Compiled topics.js  (0ms)  (pid 1143)
Compiled application.js  (1141ms)  (pid 1143)
Compiled bootstrap_and_overrides.css  (1511ms)  (pid 1143)
Compiled application.css  (1558ms)  (pid 1143)
Compiled jquery.js  (2ms)  (pid 1166)
Compiled jquery_ujs.js  (0ms)  (pid 1166)
Compiled twitter/bootstrap/bootstrap-transition.js  (1ms)  (pid 1166)
Compiled twitter/bootstrap/bootstrap-alert.js  (0ms)  (pid 1166)
Compiled twitter/bootstrap/bootstrap-modal.js  (0ms)  (pid 1166)
Compiled twitter/bootstrap/bootstrap-dropdown.js  (1ms)  (pid 1166)
Compiled twitter/bootstrap/bootstrap-scrollspy.js  (0ms)  (pid 1166)
Compiled twitter/bootstrap/bootstrap-tab.js  (0ms)  (pid 1166)
Compiled twitter/bootstrap/bootstrap-tooltip.js  (0ms)  (pid 1166)
Compiled twitter/bootstrap/bootstrap-popover.js  (0ms)  (pid 1166)
Compiled twitter/bootstrap/bootstrap-button.js  (0ms)  (pid 1166)
Compiled twitter/bootstrap/bootstrap-collapse.js  (0ms)  (pid 1166)
Compiled twitter/bootstrap/bootstrap-carousel.js  (1ms)  (pid 1166)
Compiled twitter/bootstrap/bootstrap-typeahead.js  (0ms)  (pid 1166)
Compiled twitter/bootstrap.js  (827ms)  (pid 1166)
Compiled bootstrap.js  (277ms)  (pid 1166)
Compiled posts.js  (2ms)  (pid 1166)
Compiled topics.js  (0ms)  (pid 1166)
Compiled application.js  (1730ms)  (pid 1166)
Compiled bootstrap_and_overrides.css  (2466ms)  (pid 1166)
Compiled application.css  (2586ms)  (pid 1166)
Compiled jquery.js  (4ms)  (pid 1301)
Compiled jquery_ujs.js  (4ms)  (pid 1301)
Compiled twitter/bootstrap/bootstrap-transition.js  (0ms)  (pid 1301)
Compiled twitter/bootstrap/bootstrap-alert.js  (0ms)  (pid 1301)
Compiled twitter/bootstrap/bootstrap-modal.js  (0ms)  (pid 1301)
Compiled twitter/bootstrap/bootstrap-dropdown.js  (0ms)  (pid 1301)
Compiled twitter/bootstrap/bootstrap-scrollspy.js  (1ms)  (pid 1301)
Compiled twitter/bootstrap/bootstrap-tab.js  (0ms)  (pid 1301)
Compiled twitter/bootstrap/bootstrap-tooltip.js  (0ms)  (pid 1301)
Compiled twitter/bootstrap/bootstrap-popover.js  (0ms)  (pid 1301)
Compiled twitter/bootstrap/bootstrap-button.js  (0ms)  (pid 1301)
Compiled twitter/bootstrap/bootstrap-collapse.js  (0ms)  (pid 1301)
Compiled twitter/bootstrap/bootstrap-carousel.js  (2ms)  (pid 1301)
Compiled twitter/bootstrap/bootstrap-typeahead.js  (0ms)  (pid 1301)
Compiled twitter/bootstrap.js  (351ms)  (pid 1301)
Compiled bootstrap.js  (149ms)  (pid 1301)
Compiled posts.js  (4ms)  (pid 1301)
Compiled topics.js  (0ms)  (pid 1301)
Compiled application.js  (891ms)  (pid 1301)
Compiled bootstrap_and_overrides.css  (1456ms)  (pid 1301)
Compiled application.css  (1467ms)  (pid 1301)
Compiled jquery.js  (3ms)  (pid 1301)
Compiled jquery_ujs.js  (0ms)  (pid 1301)
Compiled twitter/bootstrap/bootstrap-transition.js  (0ms)  (pid 1301)
Compiled twitter/bootstrap/bootstrap-alert.js  (3ms)  (pid 1301)
Compiled twitter/bootstrap/bootstrap-modal.js  (10ms)  (pid 1301)
Compiled twitter/bootstrap/bootstrap-dropdown.js  (0ms)  (pid 1301)
Compiled twitter/bootstrap/bootstrap-scrollspy.js  (0ms)  (pid 1301)
Compiled twitter/bootstrap/bootstrap-tab.js  (0ms)  (pid 1301)
Compiled twitter/bootstrap/bootstrap-tooltip.js  (7ms)  (pid 1301)
Compiled twitter/bootstrap/bootstrap-popover.js  (0ms)  (pid 1301)
Compiled twitter/bootstrap/bootstrap-button.js  (2ms)  (pid 1301)
Compiled twitter/bootstrap/bootstrap-collapse.js  (0ms)  (pid 1301)
Compiled twitter/bootstrap/bootstrap-carousel.js  (0ms)  (pid 1301)
Compiled twitter/bootstrap/bootstrap-typeahead.js  (0ms)  (pid 1301)
Compiled twitter/bootstrap.js  (588ms)  (pid 1301)
Compiled bootstrap.js  (296ms)  (pid 1301)
Compiled posts.js  (3ms)  (pid 1301)
Compiled topics.js  (0ms)  (pid 1301)
Compiled application.js  (1186ms)  (pid 1301)
Compiled bootstrap_and_overrides.css  (1122ms)  (pid 1301)
Compiled application.css  (1150ms)  (pid 1301)
Compiled jquery.js  (2ms)  (pid 1388)
Compiled jquery_ujs.js  (0ms)  (pid 1388)
Compiled twitter/bootstrap/bootstrap-transition.js  (2ms)  (pid 1388)
Compiled twitter/bootstrap/bootstrap-alert.js  (0ms)  (pid 1388)
Compiled twitter/bootstrap/bootstrap-modal.js  (0ms)  (pid 1388)
Compiled twitter/bootstrap/bootstrap-dropdown.js  (0ms)  (pid 1388)
Compiled twitter/bootstrap/bootstrap-scrollspy.js  (0ms)  (pid 1388)
Compiled twitter/bootstrap/bootstrap-tab.js  (0ms)  (pid 1388)
Compiled twitter/bootstrap/bootstrap-tooltip.js  (0ms)  (pid 1388)
Compiled twitter/bootstrap/bootstrap-popover.js  (0ms)  (pid 1388)
Compiled twitter/bootstrap/bootstrap-button.js  (0ms)  (pid 1388)
Compiled twitter/bootstrap/bootstrap-collapse.js  (0ms)  (pid 1388)
Compiled twitter/bootstrap/bootstrap-carousel.js  (0ms)  (pid 1388)
Compiled twitter/bootstrap/bootstrap-typeahead.js  (4ms)  (pid 1388)
Compiled twitter/bootstrap.js  (610ms)  (pid 1388)
Compiled bootstrap.js  (212ms)  (pid 1388)
Compiled posts.js  (2ms)  (pid 1388)
Compiled topics.js  (14ms)  (pid 1388)
Compiled application.js  (1302ms)  (pid 1388)
Compiled bootstrap_and_overrides.css  (1954ms)  (pid 1388)
Compiled application.css  (2063ms)  (pid 1388)
Compiled jquery.js  (3ms)  (pid 1388)
Compiled jquery_ujs.js  (0ms)  (pid 1388)
Compiled twitter/bootstrap/bootstrap-transition.js  (0ms)  (pid 1388)
Compiled twitter/bootstrap/bootstrap-alert.js  (0ms)  (pid 1388)
Compiled twitter/bootstrap/bootstrap-modal.js  (0ms)  (pid 1388)
Compiled twitter/bootstrap/bootstrap-dropdown.js  (0ms)  (pid 1388)
Compiled twitter/bootstrap/bootstrap-scrollspy.js  (0ms)  (pid 1388)
Compiled twitter/bootstrap/bootstrap-tab.js  (0ms)  (pid 1388)
Compiled twitter/bootstrap/bootstrap-tooltip.js  (0ms)  (pid 1388)
Compiled twitter/bootstrap/bootstrap-popover.js  (0ms)  (pid 1388)
Compiled twitter/bootstrap/bootstrap-button.js  (0ms)  (pid 1388)
Compiled twitter/bootstrap/bootstrap-collapse.js  (0ms)  (pid 1388)
Compiled twitter/bootstrap/bootstrap-carousel.js  (0ms)  (pid 1388)
Compiled twitter/bootstrap/bootstrap-typeahead.js  (0ms)  (pid 1388)
Compiled twitter/bootstrap.js  (531ms)  (pid 1388)
Compiled bootstrap.js  (268ms)  (pid 1388)
Compiled posts.js  (11ms)  (pid 1388)
Compiled topics.js  (0ms)  (pid 1388)
Compiled application.js  (990ms)  (pid 1388)
Compiled bootstrap_and_overrides.css  (1245ms)  (pid 1388)
Compiled application.css  (1315ms)  (pid 1388)
